<?xml version="1.0" encoding="utf-8" standalone="no"?>
<!--This file represents the results of running a test suite-->
<test-results name="C:\Users\Inmetrics\Documents\Pessoal\Estudo\Desenvolvimento\TDDDotNet\fontes\CasaCodigo\ConversorNumerosRomanos\TestaConversoNumerosRomanos\bin\Debug\TestaConversoNumerosRomanos.dll" total="6" errors="0" failures="0" not-run="0" inconclusive="0" ignored="0" skipped="0" invalid="0" date="2019-05-06" time="18:39:36">
  <environment nunit-version="2.7.0.0" clr-version="2.0.50727.9035" os-version="Microsoft Windows NT 6.2.9200.0" platform="Win32NT" cwd="C:\Program Files (x86)\NUnit 2.7.0\bin" machine-name="LP1659" user="Inmetrics" user-domain="LP1659" />
  <culture-info current-culture="pt-BR" current-uiculture="pt-BR" />
  <test-suite type="Assembly" name="C:\Users\Inmetrics\Documents\Pessoal\Estudo\Desenvolvimento\TDDDotNet\fontes\CasaCodigo\ConversorNumerosRomanos\TestaConversoNumerosRomanos\bin\Debug\TestaConversoNumerosRomanos.dll" executed="True" result="Success" success="True" time="0.052" asserts="0">
    <results>
      <test-suite type="Namespace" name="TestaConversoNumerosRomanos" executed="True" result="Success" success="True" time="0.044" asserts="0">
        <results>
          <test-suite type="TestFixture" name="ConversorDeNumeroRomanoTest" executed="True" result="Success" success="True" time="0.043" asserts="0">
            <results>
              <test-case name="TestaConversoNumerosRomanos.ConversorDeNumeroRomanoTest.DeveEntenderNumerosComoIX" executed="True" result="Success" success="True" time="0.021" asserts="1" />
              <test-case name="TestaConversoNumerosRomanos.ConversorDeNumeroRomanoTest.DeveEntenderNumerosComplexosXXIV" executed="True" result="Success" success="True" time="0.000" asserts="1" />
              <test-case name="TestaConversoNumerosRomanos.ConversorDeNumeroRomanoTest.DeveEntenderOSimboloII" executed="True" result="Success" success="True" time="0.000" asserts="1" />
              <test-case name="TestaConversoNumerosRomanos.ConversorDeNumeroRomanoTest.DeveEntenderOSimboloV" executed="True" result="Success" success="True" time="0.000" asserts="1" />
              <test-case name="TestaConversoNumerosRomanos.ConversorDeNumeroRomanoTest.DeveEntenderQuatroSimbolosDoisADoisComoXXII" executed="True" result="Success" success="True" time="0.000" asserts="1" />
              <test-case name="TestaConversoNumerosRomanos.ConversorDeNumeroRomanoTest.DeveEntennderOSimboloI" executed="True" result="Success" success="True" time="0.000" asserts="1" />
            </results>
          </test-suite>
        </results>
      </test-suite>
    </results>
  </test-suite>
</test-results>