<?xml version="1.0" encoding="utf-8" standalone="no"?>
<!--This file represents the results of running a test suite-->
<test-results name="C:\Users\Inmetrics\Documents\Pessoal\Estudo\Desenvolvimento\TDDDotNet\fontes\CasaCodigo\ExemploSiteCompra\TesteExemploSiteCompra\bin\Debug\TesteExemploSiteCompra.exe" total="1" errors="0" failures="1" not-run="0" inconclusive="0" ignored="0" skipped="0" invalid="0" date="2019-05-07" time="15:33:46">
  <environment nunit-version="2.7.0.0" clr-version="2.0.50727.9035" os-version="Microsoft Windows NT 6.2.9200.0" platform="Win32NT" cwd="C:\Program Files (x86)\NUnit 2.7.0\bin" machine-name="LP1659" user="Inmetrics" user-domain="LP1659" />
  <culture-info current-culture="pt-BR" current-uiculture="pt-BR" />
  <test-suite type="Assembly" name="C:\Users\Inmetrics\Documents\Pessoal\Estudo\Desenvolvimento\TDDDotNet\fontes\CasaCodigo\ExemploSiteCompra\TesteExemploSiteCompra\bin\Debug\TesteExemploSiteCompra.exe" executed="True" result="Failure" success="False" time="0.078" asserts="0">
    <results>
      <test-suite type="Namespace" name="TesteExemploSiteCompra" executed="True" result="Failure" success="False" time="0.071" asserts="0">
        <results>
          <test-suite type="TestFixture" name="MairoPrecoItemTest" executed="True" result="Failure" success="False" time="0.070" asserts="0">
            <results>
              <test-case name="TesteExemploSiteCompra.MairoPrecoItemTest.DeveRetornarMaiorValorSeCarrinhoContemMuitosElementos" executed="True" result="Failure" success="False" time="0.064" asserts="1">
                <failure>
                  <message><![CDATA[  Expected: 1500.0d +/- 0.0001d
  But was:  900.0d
]]></message>
                  <stack-trace><![CDATA[em TesteExemploSiteCompra.MairoPrecoItemTest.DeveRetornarMaiorValorSeCarrinhoContemMuitosElementos() na C:\Users\Inmetrics\Documents\Pessoal\Estudo\Desenvolvimento\TDDDotNet\fontes\CasaCodigo\ExemploSiteCompra\TesteExemploSiteCompra\MairoPrecoItemTest.cs:linha 49
]]></stack-trace>
                </failure>
              </test-case>
            </results>
          </test-suite>
        </results>
      </test-suite>
    </results>
  </test-suite>
</test-results>